[    0.000000] Initializing cgroup subsys cpuset
[    0.000000] Initializing cgroup subsys cpu
[    0.000000] Initializing cgroup subsys cpuacct
[    0.000000] Linux version 4.4.0-81-generic (buildd@lgw01-02) (gcc version 5.4.0 20160609 (Ubuntu 5.4.0-6ubuntu1~16.04.4) ) #104-Ubuntu SMP Wed Jun 14 08:17:06 UTC 2017 (Ubuntu 4.4.0-81.104-generic 4.4.67)
[    0.000000] Command line: BOOT_IMAGE=/boot/vmlinuz-4.4.0-81-generic root=LABEL=cloudimg-rootfs ro console=tty1 console=ttyS0
[    0.000000] KERNEL supported cpus:
[    0.000000]   Intel GenuineIntel
[    0.000000]   AMD AuthenticAMD
[    0.000000]   Centaur CentaurHauls
[    0.000000] x86/fpu: xstate_offset[2]:  576, xstate_sizes[2]:  256
[    0.000000] x86/fpu: Supporting XSAVE feature 0x01: 'x87 floating point registers'
[    0.000000] x86/fpu: Supporting XSAVE feature 0x02: 'SSE registers'
[    0.000000] x86/fpu: Supporting XSAVE feature 0x04: 'AVX registers'
[    0.000000] x86/fpu: Enabled xstate features 0x7, context size is 832 bytes, using 'standard' format.
[    0.000000] x86/fpu: Using 'lazy' FPU context switches.
[    0.000000] e820: BIOS-provided physical RAM map:
[    0.000000] BIOS-e820: [mem 0x0000000000000000-0x000000000009fbff] usable
[    0.000000] BIOS-e820: [mem 0x000000000009fc00-0x000000000009ffff] reserved
[    0.000000] BIOS-e820: [mem 0x00000000000f0000-0x00000000000fffff] reserved
[    0.000000] BIOS-e820: [mem 0x0000000000100000-0x000000003ffeffff] usable
[    0.000000] BIOS-e820: [mem 0x000000003fff0000-0x000000003fffffff] ACPI data
[    0.000000] BIOS-e820: [mem 0x00000000fec00000-0x00000000fec00fff] reserved
[    0.000000] BIOS-e820: [mem 0x00000000fee00000-0x00000000fee00fff] reserved
[    0.000000] BIOS-e820: [mem 0x00000000fffc0000-0x00000000ffffffff] reserved
[    0.000000] NX (Execute Disable) protection: active
[    0.000000] SMBIOS 2.5 present.
[    0.000000] Hypervisor detected: KVM
[    0.000000] e820: last_pfn = 0x3fff0 max_arch_pfn = 0x400000000
[    0.000000] MTRR: Disabled
[    0.000000] x86/PAT: MTRRs disabled, skipping PAT initialization too.
[    0.000000] x86/PAT: Configuration [0-7]: WB  WT  UC- UC  WB  WT  UC- UC  
[    0.000000] CPU MTRRs all blank - virtualized system.
[    0.000000] found SMP MP-table at [mem 0x0009fff0-0x0009ffff] mapped at [ffff88000009fff0]
[    0.000000] Scanning 1 areas for low memory corruption
[    0.000000] RAMDISK: [mem 0x36ac6000-0x3755afff]
[    0.000000] ACPI: Early table checksum verification disabled
[    0.000000] ACPI: RSDP 0x00000000000E0000 000024 (v02 VBOX  )
[    0.000000] ACPI: XSDT 0x000000003FFF0030 00003C (v01 VBOX   VBOXXSDT 00000001 ASL  00000061)
[    0.000000] ACPI: FACP 0x000000003FFF00F0 0000F4 (v04 VBOX   VBOXFACP 00000001 ASL  00000061)
[    0.000000] ACPI: DSDT 0x000000003FFF0470 00210F (v01 VBOX   VBOXBIOS 00000002 INTL 20100528)
[    0.000000] ACPI: FACS 0x000000003FFF0200 000040
[    0.000000] ACPI: FACS 0x000000003FFF0200 000040
[    0.000000] ACPI: APIC 0x000000003FFF0240 00005C (v02 VBOX   VBOXAPIC 00000001 ASL  00000061)
[    0.000000] ACPI: SSDT 0x000000003FFF02A0 0001CC (v01 VBOX   VBOXCPUT 00000002 INTL 20100528)
[    0.000000] No NUMA configuration found
[    0.000000] Faking a node at [mem 0x0000000000000000-0x000000003ffeffff]
[    0.000000] NODE_DATA(0) allocated [mem 0x3ffeb000-0x3ffeffff]
[    0.000000] kvm-clock: Using msrs 4b564d01 and 4b564d00
[    0.000000] kvm-clock: cpu 0, msr 0:3ffe3001, primary cpu clock
[    0.000000] kvm-clock: using sched offset of 3689678036 cycles
[    0.000000] clocksource: kvm-clock: mask: 0xffffffffffffffff max_cycles: 0x1cd42e4dffb, max_idle_ns: 881590591483 ns
[    0.000000] Zone ranges:
[    0.000000]   DMA      [mem 0x0000000000001000-0x0000000000ffffff]
[    0.000000]   DMA32    [mem 0x0000000001000000-0x000000003ffeffff]
[    0.000000]   Normal   empty
[    0.000000]   Device   empty
[    0.000000] Movable zone start for each node
[    0.000000] Early memory node ranges
[    0.000000]   node   0: [mem 0x0000000000001000-0x000000000009efff]
[    0.000000]   node   0: [mem 0x0000000000100000-0x000000003ffeffff]
[    0.000000] Initmem setup node 0 [mem 0x0000000000001000-0x000000003ffeffff]
[    0.000000] ACPI: PM-Timer IO Port: 0x4008
[    0.000000] IOAPIC[0]: apic_id 2, version 32, address 0xfec00000, GSI 0-23
[    0.000000] ACPI: INT_SRC_OVR (bus 0 bus_irq 0 global_irq 2 dfl dfl)
[    0.000000] ACPI: INT_SRC_OVR (bus 0 bus_irq 9 global_irq 9 high level)
[    0.000000] Using ACPI (MADT) for SMP configuration information
[    0.000000] smpboot: Allowing 2 CPUs, 0 hotplug CPUs
[    0.000000] PM: Registered nosave memory: [mem 0x00000000-0x00000fff]
[    0.000000] PM: Registered nosave memory: [mem 0x0009f000-0x0009ffff]
[    0.000000] PM: Registered nosave memory: [mem 0x000a0000-0x000effff]
[    0.000000] PM: Registered nosave memory: [mem 0x000f0000-0x000fffff]
[    0.000000] e820: [mem 0x40000000-0xfebfffff] available for PCI devices
[    0.000000] Booting paravirtualized kernel on KVM
[    0.000000] clocksource: refined-jiffies: mask: 0xffffffff max_cycles: 0xffffffff, max_idle_ns: 7645519600211568 ns
[    0.000000] setup_percpu: NR_CPUS:512 nr_cpumask_bits:512 nr_cpu_ids:2 nr_node_ids:1
[    0.000000] PERCPU: Embedded 33 pages/cpu @ffff88003fc00000 s98264 r8192 d28712 u1048576
[    0.000000] PV qspinlock hash table entries: 256 (order: 0, 4096 bytes)
[    0.000000] Built 1 zonelists in Node order, mobility grouping on.  Total pages: 257913
[    0.000000] Policy zone: DMA32
[    0.000000] Kernel command line: BOOT_IMAGE=/boot/vmlinuz-4.4.0-81-generic root=LABEL=cloudimg-rootfs ro console=tty1 console=ttyS0
[    0.000000] PID hash table entries: 4096 (order: 3, 32768 bytes)
[    0.000000] Memory: 1001744K/1048120K available (8469K kernel code, 1294K rwdata, 3984K rodata, 1484K init, 1316K bss, 46376K reserved, 0K cma-reserved)
[    0.000000] SLUB: HWalign=64, Order=0-3, MinObjects=0, CPUs=2, Nodes=1
[    0.000000] Hierarchical RCU implementation.
[    0.000000] 	Build-time adjustment of leaf fanout to 64.
[    0.000000] 	RCU restricting CPUs from NR_CPUS=512 to nr_cpu_ids=2.
[    0.000000] RCU: Adjusting geometry for rcu_fanout_leaf=64, nr_cpu_ids=2
[    0.000000] NR_IRQS:33024 nr_irqs:440 16
[    0.000000] Console: colour VGA+ 80x25
[    0.000000] console [tty1] enabled
[    0.000000] console [ttyS0] enabled
[    0.000000] tsc: Detected 3392.168 MHz processor
[    5.100861] Calibrating delay loop (skipped) preset value.. 6784.33 BogoMIPS (lpj=13568672)
[    5.240385] pid_max: default: 32768 minimum: 301
[    5.241019] ACPI: Core revision 20150930
[    5.242333] ACPI: 2 ACPI AML tables successfully acquired and loaded
[    5.243286] Security Framework initialized
[    5.243865] Yama: becoming mindful.
[    5.244401] AppArmor: AppArmor initialized
[    5.245038] Dentry cache hash table entries: 131072 (order: 8, 1048576 bytes)
[    5.246031] Inode-cache hash table entries: 65536 (order: 7, 524288 bytes)
[    5.247763] Mount-cache hash table entries: 2048 (order: 2, 16384 bytes)
[    5.261517] Mountpoint-cache hash table entries: 2048 (order: 2, 16384 bytes)
[    5.262506] Initializing cgroup subsys io
[    5.263107] Initializing cgroup subsys memory
[    5.263742] Initializing cgroup subsys devices
[    5.264357] Initializing cgroup subsys freezer
[    5.264976] Initializing cgroup subsys net_cls
[    5.265593] Initializing cgroup subsys perf_event
[    5.266256] Initializing cgroup subsys net_prio
[    5.393483] Initializing cgroup subsys hugetlb
[    5.529493] Initializing cgroup subsys pids
[    5.672557] CPU: Physical Processor ID: 0
[    5.783495] CPU: Processor Core ID: 0
[    5.908779] mce: CPU supports 0 MCE banks
[    6.047068] Last level iTLB entries: 4KB 1024, 2MB 1024, 4MB 1024
[    6.078474] Last level dTLB entries: 4KB 1024, 2MB 1024, 4MB 1024, 1GB 4
[    6.081026] Freeing SMP alternatives memory: 32K (ffffffff820b8000 - ffffffff820c0000)
[    6.088790] ftrace: allocating 32129 entries in 126 pages
[    6.122950] smpboot: APIC(0) Converting physical 0 to logical package 0
[    6.276706] smpboot: Max logical packages: 1
[    6.293384] x2apic enabled
[    6.294017] Switched APIC routing to physical x2apic.
[    6.295629] ..TIMER: vector=0x30 apic1=0 pin1=2 apic2=-1 pin2=-1
[    6.407350] smpboot: CPU0: Intel(R) Core(TM) i7-4770 CPU @ 3.40GHz (family: 0x6, model: 0x3c, stepping: 0x3)
[    6.674558] Performance Events: unsupported p6 CPU model 60 no PMU driver, software events only.
[    6.813389] KVM setup paravirtual spinlock
[    6.910777] x86: Booting SMP configuration:
[    6.957811] .... node  #0, CPUs:      #1
[    6.958473] kvm-clock: cpu 1, msr 0:3ffe3041, secondary cpu clock
[    6.959750] mce: CPU supports 0 MCE banks
[    6.962114] x86: Booted up 1 node, 2 CPUs
[    6.962871] smpboot: Total of 2 processors activated (13568.67 BogoMIPS)
[    6.964050] devtmpfs: initialized
[    6.965639] evm: security.selinux
[    6.966172] evm: security.SMACK64
[    6.966711] evm: security.SMACK64EXEC
[    6.967249] evm: security.SMACK64TRANSMUTE
[    6.967846] evm: security.SMACK64MMAP
[    6.968394] evm: security.ima
[    6.968882] evm: security.capability
[    6.969615] clocksource: jiffies: mask: 0xffffffff max_cycles: 0xffffffff, max_idle_ns: 7645041785100000 ns
[    7.124950] futex hash table entries: 512 (order: 3, 32768 bytes)
[    7.267409] pinctrl core: initialized pinctrl subsystem
[    7.277648] RTC time: 19:26:54, date: 06/21/17
[    7.279170] NET: Registered protocol family 16
[    7.291932] cpuidle: using governor ladder
[    7.371419] cpuidle: using governor menu
[    7.440076] PCCT header not found.
[    7.507290] ACPI: bus type PCI registered
[    7.592222] acpiphp: ACPI Hot Plug PCI Controller Driver version: 0.5
[    7.646160] PCI: Using configuration type 1 for base access
[    7.660983] ACPI: Added _OSI(Module Device)
[    7.776254] ACPI: Added _OSI(Processor Device)
[    7.839270] ACPI: Added _OSI(3.0 _SCP Extensions)
[    7.850108] ACPI: Added _OSI(Processor Aggregator Device)
[    7.863615] ACPI: Executed 1 blocks of module-level executable AML code
[    7.865975] ACPI: Interpreter enabled
[    7.866530] ACPI: (supports S0 S5)
[    7.867051] ACPI: Using IOAPIC for interrupt routing
[    7.867832] PCI: Using host bridge windows from ACPI; if necessary, use "pci=nocrs" and report a bug
[    7.871646] ACPI: PCI Root Bridge [PCI0] (domain 0000 [bus 00-ff])
[    7.885707] acpi PNP0A03:00: _OSC: OS supports [ASPM ClockPM Segments MSI]
[    7.886584] acpi PNP0A03:00: _OSC failed (AE_NOT_FOUND); disabling ASPM
[    7.896671] acpi PNP0A03:00: fail to add MMCONFIG information, can't access extended PCI configuration space under this bridge.
[    7.898365] PCI host bridge to bus 0000:00
[    7.898989] pci_bus 0000:00: root bus resource [io  0x0000-0x0cf7 window]
[    7.907813] pci_bus 0000:00: root bus resource [io  0x0d00-0xffff window]
[    7.908690] pci_bus 0000:00: root bus resource [mem 0x000a0000-0x000bffff window]
[    8.048014] pci_bus 0000:00: root bus resource [mem 0x40000000-0xffdfffff window]
[    8.297075] pci_bus 0000:00: root bus resource [bus 00-ff]
[    8.468631] pci 0000:00:01.1: legacy IDE quirk: reg 0x10: [io  0x01f0-0x01f7]
[    8.688392] pci 0000:00:01.1: legacy IDE quirk: reg 0x14: [io  0x03f6]
[    8.861552] pci 0000:00:01.1: legacy IDE quirk: reg 0x18: [io  0x0170-0x0177]
[    8.862426] pci 0000:00:01.1: legacy IDE quirk: reg 0x1c: [io  0x0376]
[    8.875437] pci 0000:00:07.0: quirk: [io  0x4000-0x403f] claimed by PIIX4 ACPI
[    8.901706] pci 0000:00:07.0: quirk: [io  0x4100-0x410f] claimed by PIIX4 SMB
[    8.912303] ACPI: PCI Interrupt Link [LNKA] (IRQs 5 9 10 *11)
[    9.092977] ACPI: PCI Interrupt Link [LNKB] (IRQs 5 9 10 *11)
[    9.193462] ACPI: PCI Interrupt Link [LNKC] (IRQs 5 9 *10 11)
[    9.202057] ACPI: PCI Interrupt Link [LNKD] (IRQs 5 *9 10 11)
[    9.218167] ACPI: Enabled 2 GPEs in block 00 to 07
[    9.219180] vgaarb: setting as boot device: PCI:0000:00:02.0
[    9.237263] vgaarb: device added: PCI:0000:00:02.0,decodes=io+mem,owns=io+mem,locks=none
[    9.238381] vgaarb: loaded
[    9.263369] vgaarb: bridge control possible 0000:00:02.0
[    9.406198] SCSI subsystem initialized
[    9.532550] ACPI: bus type USB registered
[    9.662981] usbcore: registered new interface driver usbfs
[    9.843024] usbcore: registered new interface driver hub
[    9.903813] usbcore: registered new device driver usb
[    9.940742] PCI: Using ACPI for IRQ routing
[    9.941570] NetLabel: Initializing
[   10.030496] NetLabel:  domain hash size = 128
[   10.149055] NetLabel:  protocols = UNLABELED CIPSOv4
[   10.149815] NetLabel:  unlabeled traffic allowed by default
[   10.150868] amd_nb: Cannot enumerate AMD northbridges
[   10.151596] clocksource: Switched to clocksource kvm-clock
[   10.158419] AppArmor: AppArmor Filesystem Enabled
[   10.313117] pnp: PnP ACPI init
[   10.422613] pnp: PnP ACPI: found 3 devices
[   10.463756] clocksource: acpi_pm: mask: 0xffffff max_cycles: 0xffffff, max_idle_ns: 2085701024 ns
[   10.472980] NET: Registered protocol family 2
[   10.488705] TCP established hash table entries: 8192 (order: 4, 65536 bytes)
[   10.732168] TCP bind hash table entries: 8192 (order: 5, 131072 bytes)
[   10.957223] TCP: Hash tables configured (established 8192 bind 8192)
[   11.176235] UDP hash table entries: 512 (order: 2, 16384 bytes)
[   11.190292] UDP-Lite hash table entries: 512 (order: 2, 16384 bytes)
[   11.191133] NET: Registered protocol family 1
[   11.191748] pci 0000:00:00.0: Limiting direct PCI/PCI transfers
[   11.320828] pci 0000:00:01.0: Activating ISA DMA hang workarounds
[   11.322569] Unpacking initramfs...
[   12.680205] Freeing initrd memory: 10836K (ffff880036ac6000 - ffff88003755b000)
[   12.687148] RAPL PMU detected, API unit is 2^-32 Joules, 4 fixed counters 10737418240 ms ovfl timer
[   12.939731] hw unit of domain pp0-core 2^-0 Joules
[   13.043057] hw unit of domain package 2^-0 Joules
[   13.100409] hw unit of domain dram 2^-0 Joules
[   13.101021] hw unit of domain pp1-gpu 2^-0 Joules
[   13.101758] platform rtc_cmos: registered platform RTC device (no PNP device found)
[   13.102855] Scanning for low memory corruption every 60 seconds
[   13.137943] audit: initializing netlink subsys (disabled)
[   13.281955] audit: type=2000 audit(1498073216.085:1): initialized
[   13.428631] Initialise system trusted keyring
[   13.548184] HugeTLB registered 2 MB page size, pre-allocated 0 pages
[   13.673073] zbud: loaded
[   13.744204] VFS: Disk quotas dquot_6.6.0
[   13.778236] VFS: Dquot-cache hash table entries: 512 (order 0, 4096 bytes)
[   13.882452] squashfs: version 4.0 (2009/01/31) Phillip Lougher
[   13.970682] fuse init (API version 7.23)
[   13.999584] Key type big_key registered
[   14.022515] Allocating IMA MOK and blacklist keyrings.
[   14.050129] Key type asymmetric registered
[   14.087045] Asymmetric key parser 'x509' registered
[   14.098265] Block layer SCSI generic (bsg) driver version 0.4 loaded (major 249)
[   14.122011] tsc: Refined TSC clocksource calibration: 3392.124 MHz
[   14.132767] clocksource: tsc: mask: 0xffffffffffffffff max_cycles: 0x30e53ecfbd7, max_idle_ns: 440795295949 ns
[   14.136120] io scheduler noop registered
[   14.136121] io scheduler deadline registered (default)
[   14.136161] io scheduler cfq registered
[   14.136271] pci_hotplug: PCI Hot Plug PCI Core version: 0.5
[   14.136275] pciehp: PCI Express Hot Plug Controller Driver version: 0.4
[   14.136382] ACPI: AC Adapter [AC] (on-line)
[   14.136419] input: Power Button as /devices/LNXSYSTM:00/LNXPWRBN:00/input/input0
[   14.136422] ACPI: Power Button [PWRF]
[   14.136471] input: Sleep Button as /devices/LNXSYSTM:00/LNXSLPBN:00/input/input1
[   14.136472] ACPI: Sleep Button [SLPF]
[   14.136573] GHES: HEST is not enabled!
[   14.136656] Serial: 8250/16550 driver, 32 ports, IRQ sharing enabled
[   14.162887] 00:02: ttyS0 at I/O 0x3f8 (irq = 4, base_baud = 115200) is a 16550A
[   14.224732] Linux agpgart interface v0.103
[   14.318503] loop: module loaded
[   14.318906] scsi host0: ata_piix
[   14.318944] scsi host1: ata_piix
[   14.318965] ata1: PATA max UDMA/33 cmd 0x1f0 ctl 0x3f6 bmdma 0xd000 irq 14
[   14.318965] ata2: PATA max UDMA/33 cmd 0x170 ctl 0x376 bmdma 0xd008 irq 15
[   14.319017] libphy: Fixed MDIO Bus: probed
[   14.319019] tun: Universal TUN/TAP device driver, 1.6
[   14.319019] tun: (C) 1999-2004 Max Krasnyansky <maxk@qualcomm.com>
[   14.319240] PPP generic driver version 2.4.2
[   14.319288] ehci_hcd: USB 2.0 'Enhanced' Host Controller (EHCI) Driver
[   14.319292] ehci-pci: EHCI PCI platform driver
[   14.319297] ehci-platform: EHCI generic platform driver
[   14.319303] ohci_hcd: USB 1.1 'Open' Host Controller (OHCI) Driver
[   14.319305] ohci-pci: OHCI PCI platform driver
[   14.319310] ohci-platform: OHCI generic platform driver
[   14.319316] uhci_hcd: USB Universal Host Controller Interface driver
[   14.319353] i8042: PNP: PS/2 Controller [PNP0303:PS2K,PNP0f03:PS2M] at 0x60,0x64 irq 1,12
[   14.344523] serio: i8042 KBD port at 0x60,0x64 irq 1
[   14.344528] serio: i8042 AUX port at 0x60,0x64 irq 12
[   14.344644] mousedev: PS/2 mouse device common for all mice
[   14.344918] rtc_cmos rtc_cmos: rtc core: registered rtc_cmos as rtc0
[   14.344960] rtc_cmos rtc_cmos: alarms up to one day, 114 bytes nvram
[   14.344966] i2c /dev entries driver
[   14.345010] device-mapper: uevent: version 1.0.3
[   14.345050] device-mapper: ioctl: 4.34.0-ioctl (2015-10-28) initialised: dm-devel@redhat.com
[   14.345068] ledtrig-cpu: registered to indicate activity on CPUs
[   14.345284] NET: Registered protocol family 10
[   14.345393] NET: Registered protocol family 17
[   14.345404] Key type dns_resolver registered
[   14.380409] microcode: CPU0 sig=0x306c3, pf=0x40, revision=0x0
[   14.380459] microcode: CPU1 sig=0x306c3, pf=0x40, revision=0x0
[   14.380512] microcode: Microcode Update Driver: v2.01 <tigran@aivazian.fsnet.co.uk>, Peter Oruba
[   14.380613] registered taskstats version 1
[   14.380624] Loading compiled-in X.509 certificates
[   14.381155] Loaded X.509 cert 'Build time autogenerated kernel key: 4e3fcaabc4148de0b198d1fb3d36a6c6d4cf062b'
[   14.381184] zswap: loaded using pool lzo/zbud
[   14.382434] Key type trusted registered
[   14.384031] Key type encrypted registered
[   14.384034] AppArmor: AppArmor sha1 policy hashing enabled
[   14.384036] ima: No TPM chip found, activating TPM-bypass!
[   14.384052] evm: HMAC attrs: 0x1
[   14.384240]   Magic number: 5:967:445
[   14.395444] rtc_cmos rtc_cmos: setting system clock to 2017-06-21 19:27:02 UTC (1498073222)
[   14.395638] BIOS EDD facility v0.16 2004-Jun-25, 0 devices found
[   14.395638] EDD information not available.
[   14.401850] input: AT Translated Set 2 keyboard as /devices/platform/i8042/serio0/input/input2
[   15.528873] Freeing unused kernel memory: 1484K (ffffffff81f45000 - ffffffff820b8000)
[   15.646601] Write protecting the kernel read-only data: 14336k
[   15.647794] Freeing unused kernel memory: 1760K (ffff880001848000 - ffff880001a00000)
[   15.650521] Freeing unused kernel memory: 112K (ffff880001de4000 - ffff880001e00000)
Loading, please wait...
starting version[   15.732402] random: systemd-udevd: uninitialized urandom read (16 bytes read, 3 bits of entropy available)
 229
[   15.732933] random: udevadm: uninitialized urandom read (16 bytes read, 3 bits of entropy available)
[   15.732960] random: udevadm: uninitialized urandom read (16 bytes read, 3 bits of entropy available)
[   15.733041] random: udevadm: uninitialized urandom read (16 bytes read, 3 bits of entropy available)
[   15.733080] random: udevadm: uninitialized urandom read (16 bytes read, 3 bits of entropy available)
[   15.733109] random: udevadm: uninitialized urandom read (16 bytes read, 3 bits of entropy available)
[   15.733137] random: udevadm: uninitialized urandom read (16 bytes read, 3 bits of entropy available)
[   15.733165] random: udevadm: uninitialized urandom read (16 bytes read, 3 bits of entropy available)
[   15.733192] random: udevadm: uninitialized urandom read (16 bytes read, 3 bits of entropy available)
[   15.733218] random: udevadm: uninitialized urandom read (16 bytes read, 3 bits of entropy available)
[   16.491161] Fusion MPT base driver 3.04.20
[   16.497076] Copyright (c) 1999-2008 LSI Corporation
[   16.498707] e1000: Intel(R) PRO/1000 Network Driver - version 7.3.21-k8-NAPI
[   16.587396] e1000: Copyright (c) 1999-2006 Intel Corporation.
[   16.692198] Fusion MPT SPI Host driver 3.04.20
[   16.780026] mptbase: ioc0: Initiating bringup
[   16.782603] AVX version of gcm_enc/dec engaged.
[   16.783234] AES CTR mode by8 optimization enabled
[   16.843794] ioc0: LSI53C1030 A0: Capabilities={Initiator}
[   16.977210] input: ImExPS/2 Generic Explorer Mouse as /devices/platform/i8042/serio1/input/input4
[   17.189335] scsi host2: ioc0: LSI53C1030 A0, FwRev=00000000h, Ports=1, MaxQ=256, IRQ=20
[   17.324614] scsi 2:0:0:0: Direct-Access     VBOX     HARDDISK         1.0  PQ: 0 ANSI: 5
[   17.462910] scsi target2:0:0: Beginning Domain Validation
[   17.465212] scsi target2:0:0: Domain Validation skipping write tests
[   17.605755] scsi target2:0:0: Ending Domain Validation
[   17.655828] scsi target2:0:0: asynchronous
[   17.683960] scsi 2:0:1:0: Direct-Access     VBOX     HARDDISK         1.0  PQ: 0 ANSI: 5
[   17.713819] scsi target2:0:1: Beginning Domain Validation
[   17.743095] scsi target2:0:1: Domain Validation skipping write tests
[   17.744944] scsi target2:0:1: Ending Domain Validation
[   17.745740] scsi target2:0:1: asynchronous
[   17.772841] sd 2:0:0:0: Attached scsi generic sg0 type 0
[   17.783311] sd 2:0:0:0: [sda] 20971520 512-byte logical blocks: (10.7 GB/10.0 GiB)
[   17.793972] sd 2:0:0:0: [sda] Write Protect is off
[   17.795231] sd 2:0:1:0: [sdb] 20480 512-byte logical blocks: (10.5 MB/10.0 MiB)
[   17.808328] sd 2:0:1:0: Attached scsi generic sg1 type 0
[   17.812969] sd 2:0:0:0: [sda] Incomplete mode parameter data
[   17.813850] sd 2:0:0:0: [sda] Assuming drive cache: write through
[   17.815197] sd 2:0:1:0: [sdb] Write Protect is off
[   17.816092] sd 2:0:1:0: [sdb] Incomplete mode parameter data
[   17.816954] sd 2:0:1:0: [sdb] Assuming drive cache: write through
[   17.818134]  sda: sda1
[   17.822867] sd 2:0:0:0: [sda] Attached SCSI disk
[   17.830413] sd 2:0:1:0: [sdb] Attached SCSI disk
[   17.987149] e1000 0000:00:03.0 eth0: (PCI:33MHz:32-bit) 02:e7:04:e9:f2:54
[   18.026123] e1000 0000:00:03.0 eth0: Intel(R) PRO/1000 Network Connection
[   18.027772] e1000 0000:00:03.0 enp0s3: renamed from eth0
[   19.804083] floppy0: no floppy controllers found
Begin: Loading e[   21.183910] md: linear personality registered for level -1
ssential drivers[   21.350179] md: multipath personality registered for level -4
 ... [   21.432304] md: raid0 personality registered for level 0
[   21.450823] md: raid1 personality registered for level 1
[   21.652107] raid6: sse2x1   gen() 11070 MB/s
[   21.835634] raid6: sse2x1   xor()  8787 MB/s
[   22.047676] raid6: sse2x2   gen() 14436 MB/s
[   22.251742] raid6: sse2x2   xor()  9546 MB/s
[   22.447708] raid6: sse2x4   gen() 16387 MB/s
[   22.583750] raid6: sse2x4   xor() 11060 MB/s
[   22.604316] raid6: using algorithm sse2x4 gen() 16387 MB/s
[   22.605060] raid6: .... xor() 11060 MB/s, rmw enabled
[   22.756080] raid6: using ssse3x2 recovery algorithm
[   22.757954] xor: automatically using best checksumming function:
[   22.983767]    avx       : 26167.000 MB/sec
[   23.116842] async_tx: api initialized (async)
[   23.158059] md: raid6 personality registered for level 6
[   23.235911] md: raid5 personality registered for level 5
[   23.236672] md: raid4 personality registered for level 4
[   23.241434] md: raid10 personality registered for level 10
done.
Begin: Running /scripts/init-premount ... done.
Begin: Mounting root file system ... Begin: Running /scripts/local-top ... done.
Begin: Running /scripts/local-premount ... [   23.265045] Btrfs loaded
Scanning for Btrfs filesystems
done.
Warning: fsck not present, so skipping root file[   23.494972] EXT4-fs (sda1): mounted filesystem with ordered data mode. Opts: (null)
 system
done.
Begin: Running /scripts/local-bottom ... done.
Begin: Running /scripts/init-bottom ... done.
[   24.354370] random: nonblocking pool is initialized
[   24.700771] systemd[1]: systemd 229 running in system mode. (+PAM +AUDIT +SELINUX +IMA +APPARMOR +SMACK +SYSVINIT +UTMP +LIBCRYPTSETUP +GCRYPT +GNUTLS +ACL +XZ -LZ4 +SECCOMP +BLKID +ELFUTILS +KMOD -IDN)
[   25.315926] systemd[1]: Detected virtualization oracle.
[   25.493417] systemd[1]: Detected architecture x86-64.

Welcome to [1mUbuntu 16.04.2 LTS[0m!

[   25.764673] systemd[1]: Set hostname to <ubuntu-xenial>.
[   27.842754] systemd[1]: Reached target Encrypted Volumes.
[[0;32m  OK  [0m] Reached target Encrypted Volumes.
[   28.084966] systemd[1]: Listening on udev Kernel Socket.
[[0;32m  OK  [0m] Listening on udev Kernel Socket.
[   28.236621] systemd[1]: Listening on Device-mapper event daemon FIFOs.
[[0;32m  OK  [0m] Listening on Device-mapper event daemon FIFOs.
[   28.540717] systemd[1]: Reached target User and Group Name Lookups.
[[0;32m  OK  [0m] Reached target User and Group Name Lookups.
[   28.804813] systemd[1]: Listening on /dev/initctl Compatibility Named Pipe.
[[0;32m  OK  [0m] Listening on /dev/initctl Compatibility Named Pipe.
[   28.817509] systemd[1]: Listening on Journal Socket.
[[0;32m  OK  [0m] Listening on Journal Socket.
[   28.855991] systemd[1]: Listening on LVM2 metadata daemon socket.
[[0;32m  OK  [0m] Listening on LVM2 metadata daemon socket.
[   28.880430] systemd[1]: Listening on Journal Audit Socket.
[[0;32m  OK  [0m] Listening on Journal Audit Socket.
[   28.920394] systemd[1]: Listening on Syslog Socket.
[[0;32m  OK  [0m] Listening on Syslog Socket.
[   28.922166] systemd[1]: Set up automount Arbitrary Executable File Formats File System Automount Point.
[[0;32m  OK  [0m] Set up automount Arbitrary Executab...ats File System Automount Point.
[   28.924624] systemd[1]: Listening on udev Control Socket.
[[0;32m  OK  [0m] Listening on udev Control Socket.
[   28.944189] systemd[1]: Started Trigger resolvconf update for networkd DNS.
[[0;32m  OK  [0m] Started Trigger resolvconf update for networkd DNS.
[   29.192555] systemd[1]: Reached target Swap.
[[0;32m  OK  [0m] Reached target Swap.
[   29.194125] systemd[1]: Started Forward Password Requests to Wall Directory Watch.
[[0;32m  OK  [0m] Started Forward Password Requests to Wall Directory Watch.
[   29.212878] systemd[1]: Created slice System Slice.
[[0;32m  OK  [0m] Created slice System Slice.
[   29.427758] systemd[1]: Starting Nameserver information manager...
         Starting Nameserver information manager...
[   29.700393] systemd[1]: Mounting Debug File System...
         Mounting Debug File System...
[   29.924368] systemd[1]: Mounting Huge Pages File System...
         Mounting Huge Pages File System...
[   29.952922] systemd[1]: Starting Load Kernel Modules...
         Starting Load Kernel Modules...
[   29.976182] systemd[1]: Mounting POSIX Message Queue File System...
         Mounting POSIX Message Queue File System...
[   29.983871] systemd[1]: Starting Uncomplicated firewall...
         Starting Uncomplicated firewall...
[   29.986649] systemd[1]: Starting Create list of required static device nodes for the current kernel...
         Starting Create list of required st... nodes for the current kernel...
[   29.995635] systemd[1]: Created slice system-serial\x2dgetty.slice.
[[0;32m  OK  [0m] Created slice system-serial\x2dgetty.slice.
[   30.001080] Loading iSCSI transport class v2.0-870.
[   30.163784] systemd[1]: Starting Monitoring of LVM2 mirrors, snapshots etc. using dmeventd or progress polling...
         Starting Monitoring of LVM2 mirrors... dmeventd or progress polling...
[   30.507324] systemd[1]: Starting Remount Root and Kernel File Systems...
         [   30.603698] EXT4-fs (sda1): re-mounted. Opts: (null)
Starting Remount Root and Kernel File Systems...
[   30.716325] systemd[1]: Listening on Journal Socket (/dev/log).
[   30.717349] iscsi: registered transport (tcp)
[[0;32m  OK  [0m] Listening on Journal Socket (/dev/log).
[   30.763837] systemd[1]: Starting Journal Service...
         Starting Journal Service...
[   30.805101] systemd[1]: Listening on LVM2 poll daemon socket.
[[0;32m  OK  [0m] Listening on LVM2 poll daemon socket.
[   30.956278] systemd[1]: Created slice User and Session Slice.
[[0;32m  OK  [0m] Created slice User and Session Slice.
[   30.958136] systemd[1]: Reached target Slices.
[[0;32m  OK  [0m] Reached target Slices.
[   30.972382] systemd[1]: Starting Set console keymap...
         Starting Set console keymap...
[   31.022814] systemd[1]: Mounted Huge Pages File System.
[[0;32m  OK  [0m] Mounted Huge Pages File System.
[   31.024460] systemd[1]: Mounted Debug File System.
[[0;32m  OK  [0m] Mounted Debug File System.
[   31.025994] systemd[1]: Mounted POSIX Message Queue File System.
[[0;32m  OK  [0m] Mounted POSIX Message Queue File System.
[   31.033654] systemd[1]: Started Uncomplicated firewall.
[[0;32m  OK  [0m] Started Uncomplicated firewall.
[   31.035857] systemd[1]: Started Create list of required static device nodes for the current kernel.
[[0;32m  OK  [0m] Started Create list of required sta...ce nodes for the current kernel.
[   31.038571] systemd[1]: Started Remount Root and Kernel File Systems.
[[0;32m  OK  [0m] Started Remount Root and Kernel File Systems.
[   31.072556] systemd[1]: Starting Initial cloud-init job (pre-networking)...
         Starting Initial cloud-init job (pre-networking)...
[   31.295809] iscsi: registered transport (iser)
[   31.452442] systemd[1]: Starting udev Coldplug all Devices...
         Starting udev Coldplug all Devices...
[   31.589346] systemd[1]: Starting Load/Save Random Seed...
         Starting Load/Save Random Seed...
[   31.591438] systemd[1]: Starting Create Static Device Nodes in /dev...
         Starting Create Static Device Nodes in /dev...
[   31.593962] systemd[1]: Started Load Kernel Modules.
[[0;32m  OK  [0m] Started Load Kernel Modules.
[   31.595893] systemd[1]: Started Nameserver information manager.
[[0;32m  OK  [0m] Started Nameserver information manager.
[   31.606164] systemd[1]: Mounting FUSE Control File System...
         Mounting FUSE Control File System...
[   31.738736] systemd[1]: Starting Apply Kernel Variables...
         Starting Apply Kernel Variables...
[   31.948514] systemd[1]: Mounted FUSE Control File System.
[[0;32m  OK  [0m] Mounted FUSE Control File System.
[   32.190437] systemd[1]: Started Set console keymap.
[[0;32m  OK  [0m] Started Set console keymap.
[   32.308300] systemd[1]: Started Load/Save Random Seed.
[[0;32m  OK  [0m] Started Load/Save Random Seed.
[   32.366215] systemd[1]: Started udev Coldplug all Devices.
[[0;32m  OK  [0m] Started udev Coldplug all Devices.
[   32.367958] systemd[1]: Started Journal Service.
[[0;32m  OK  [0m] Started Journal Service.
[[0;32m  OK  [0m] Started LVM2 metadata daemon.
         Starting Flush Journal to Persistent Storage...
[[0;32m  OK  [0m] Started Apply Kernel Variables.
[[0;32m  OK  [0m] Started Flush Journal to Persistent Storage.
[[0;32m  OK  [0m] Started Create Static Device Nodes in /dev.
         Starting udev Kernel Device Manager...
[[0;32m  OK  [0m] Started Monitoring of LVM2 mirrors,...ng dmeventd or progress polling.
[[0;32m  OK  [0m] Started udev Kernel Device Manager.
[[0;32m  OK  [0m] Reached target Local File Systems (Pre).
[[0;32m  OK  [0m] Reached target Local File Systems.
         Starting Create Volatile Files and Directories...
         Starting LSB: AppArmor initialization...
         Starting Set console font and keymap...
         Starting Tell Plymouth To Write Out Runtime Data...
[[0;32m  OK  [0m] Started Dispatch Password Requests to Console Directory Watch.
[[0;32m  OK  [0m] Found device /dev/ttyS0.
[[0;32m  OK  [0m] Started Tell Plymouth To Write Out Runtime Data.
[[0;32m  OK  [0m] Started Create Volatile Files and Directories.
         Starting Update UTMP about System Boot/Shutdown...
[[0;32m  OK  [0m] Reached target System Time Synchronized.
[[0;32m  OK  [0m] Started Update UTMP about System Boot/Shutdown.
[[0;32m  OK  [0m] Found device 82540EM Gigabit Ethern...r (PRO/1000 MT Desktop Adapter).
[[0;32m  OK  [0m] Listening on Load/Save RF Kill Switch Status /dev/rfkill Watch.
[[0;32m  OK  [0m] Started Set console font and keymap.
[[0;32m  OK  [0m] Created slice system-getty.slice.
[[0;32m  OK  [0m] Started LSB: AppArmor initialization.
[   30.117375] cloud-init[412]: Cloud-init v. 0.7.9 running 'init-local' at Wed, 21 Jun 2017 19:27:27 +0000. Up 29.49 seconds.
[[0;32m  OK  [0m] Started Initial cloud-init job (pre-networking).
[[0;32m  OK  [0m] Reached target Network (Pre).
         Starting Raise network interfaces...
[[0;32m  OK  [0m] Started ifup for enp0s3.
[[0;32m  OK  [0m] Started Raise network interfaces.
[[0;32m  OK  [0m] Reached target Network.
         Starting Initial cloud-init job (metadata service crawler)...
[   31.670275] cloud-init[960]: Cloud-init v. 0.7.9 running 'init' at Wed, 21 Jun 2017 19:27:28 +0000. Up 31.08 seconds.
[   31.788617] cloud-init[960]: ci-info: +++++++++++++++++++++++++++++++++++++Net device info+++++++++++++++++++++++++++++++++++++
[   31.789041] cloud-init[960]: ci-info: +--------+------+---------------------------+---------------+-------+-------------------+
[   31.789538] cloud-init[960]: ci-info: | Device |  Up  |          Address          |      Mask     | Scope |     Hw-Address    |
[   31.789773] cloud-init[960]: ci-info: +--------+------+---------------------------+---------------+-------+-------------------+
[   31.790060] cloud-init[960]: ci-info: |   lo   | True |         127.0.0.1         |   255.0.0.0   |   .   |         .         |
[   31.790287] cloud-init[960]: ci-info: |   lo   | True |          ::1/128          |       .       |  host |         .         |
[   31.790582] cloud-init[960]: ci-info: | enp0s3 | True |         10.0.2.15         | 255.255.255.0 |   .   | 02:e7:04:e9:f2:54 |
[   31.790806] cloud-init[960]: ci-info: | enp0s3 | True | fe80::e7:4ff:fee9:f254/64 |       .       |  link | 02:e7:04:e9:f2:54 |
[   31.791099] cloud-init[960]: ci-info: +--------+------+---------------------------+---------------+-------+-------------------+
[   31.791318] cloud-init[960]: ci-info: +++++++++++++++++++++++++++Route IPv4 info++++++++++++++++++++++++++++
[   31.791603] cloud-init[960]: ci-info: +-------+-------------+----------+---------------+-----------+-------+
[   31.791821] cloud-init[960]: ci-info: | Route | Destination | Gateway  |    Genmask    | Interface | Flags |
[   31.792156] cloud-init[960]: ci-info: +-------+-------------+----------+---------------+-----------+-------+
[   31.792394] cloud-init[960]: ci-info: |   0   |   0.0.0.0   | 10.0.2.2 |    0.0.0.0    |   enp0s3  |   UG  |[[0;32m  OK  [0m] Started Initial cloud-init job (metadata service crawler).
[[0;32m  OK  [0m] 
[   31.796720] cloud-init[960]: ci-info: |   1   |   10.0.2.0  | 0.0.0.0  | 255.255.255.0 |   enp0s3  |   U   |
[   31.796850] cloud-init[960]: ci-info: +-------+-------------+----------+---------------+-----------+-------+
Reached target System Initialization.
         Starting LXD - unix socket.
[[0;32m  OK  [0m] Started Daily Cleanup of Temporary Directories.
[[0;32m  OK  [0m] Started Daily apt activities.
         Starting Socket activation for snappy daemon.
[[0;32m  OK  [0m] Listening on D-Bus System Message Bus Socket.
[[0;32m  OK  [0m] Listening on ACPID Listen Socket.
[[0;32m  OK  [0m] Started Clean PHP session files every 30 mins.
[[0;32m  OK  [0m] Listening on UUID daemon activation socket.
[[0;32m  OK  [0m] Started Timer to automatically refresh installed snaps.
[[0;32m  OK  [0m] Reached target Timers.
[[0;32m  OK  [0m] Started ACPI Events Check.
[[0;32m  OK  [0m] Reached target Paths.
[[0;32m  OK  [0m] Reached target Network is Online.
         Starting iSCSI initiator daemon (iscsid)...
[[0;32m  OK  [0m] Reached target Cloud-config availability.
[[0;32m  OK  [0m] Listening on LXD - unix socket.
[[0;32m  OK  [0m] Listening on Socket activation for snappy daemon.
[[0;32m  OK  [0m] Reached target Sockets.
[[0;32m  OK  [0m] Reached target Basic System.
[[0;32m  OK  [0m] Started ACPI event daemon.
         Starting Apply the settings specified in cloud-config...
         Starting Login Service...
         Starting LSB: Record successful boot for GRUB...
[[0;32m  OK  [0m] Started Deferred execution scheduler.
[[0;32m  OK  [0m] Started Regular background program processing daemon.
         Starting /etc/rc.local Compatibility...
         Starting LSB: MD monitoring daemon...
[[0;32m  OK  [0m] Started Unattended Upgrades Shutdown.
[[0;32m  OK  [0m] Started Snappy daemon.
         Starting LXD - container startup/shutdown...
[[0;32m  OK  [0m] Started D-Bus System Message Bus.
[   33.345854] cloud-init[1018]: Cloud-init v. 0.7.9 running 'modules:config' at Wed, 21 Jun 2017 19:27:30 +0000. Up 33.04 seconds.
         Starting System Logging Service...
         Starting Auto import assertions from block devices...
         Starting Accounts Service...
         Starting MySQL Community Server...
[[0;32m  OK  [0m] Started FUSE filesystem for LXC.
         Starting OpenBSD Secure Shell server...
[[0;32m  OK  [0m] Started iSCSI initiator daemon (iscsid).
[[0;32m  OK  [0m] Started Apply the settings specified in cloud-config.
[[0;32m  OK  [0m] Started /etc/rc.local Compatibility.
[[0;32m  OK  [0m] Started Auto import assertions from block devices.
         Starting Login to default iSCSI targets...
[[0;32m  OK  [0m] Started Login Service.
[[0;32m  OK  [0m] Started LSB: Record successful boot for GRUB.
[[0;32m  OK  [0m] Started System Logging Service.
[[0;32m  OK  [0m] Started LSB: MD monitoring daemon.
[[0;32m  OK  [0m] Started Login to default iSCSI targets.
[[0;32m  OK  [0m] Reached target Remote File Systems (Pre).
[[0;32m  OK  [0m] Reached target Remote File Systems.
         Starting LSB: Set the CPU Frequency Scaling governor to "ondemand"...
         Starting LSB: automatic crash report generation...
         Starting LSB: VirtualBox Linux Additions...
         Starting Permit User Sessions...
         Starting LSB: daemon to balance interrupts for SMP systems...
         Starting LSB: Apache2 web server...
[[0;32m  OK  [0m] Started LSB: Set the CPU Frequency Scaling governor to "ondemand".
[[0;32m  OK  [0m] Started Permit User Sessions.
         Starting Terminate Plymouth Boot Screen...
         Starting Hold until boot process finishes up...
[[0;32m  OK  [0m] Started Terminate Plymouth Boot Screen.
[[0;32m  OK  [0m] Started Hold until boot process finishes up.
[[0;32m  OK  [0m] Started Getty on tty1.
[[0;32m  OK  [0m] Started Serial Getty on ttyS0.
[[0;32m  OK  [0m] Reached target Login Prompts.
         Starting Set console scheme...
[[0;32m  OK  [0m] Started LSB: daemon to balance interrupts for SMP systems.
[[0;32m  OK  [0m] Started Set console scheme.
[[0;32m  OK  [0m] Started LSB: automatic crash report generation.
[[0;32m  OK  [0m] Started OpenBSD Secure Shell server.
[[0;32m  OK  [0m] Started LSB: VirtualBox Linux Additions.
         Starting Authenticate and Authorize Users to Run Privileged Tasks...
[[0;32m  OK  [0m] Started Authenticate and Authorize Users to Run Privileged Tasks.
[[0;32m  OK  [0m] Started Accounts Service.
[[0;32m  OK  [0m] Started LXD - container startup/shutdown.
[[0;32m  OK  [0m] Created slice User Slice of ubuntu.
         Starting User Manager for UID 1000...
[[0;32m  OK  [0m] Started Session 1 of user ubuntu.
[[0;32m  OK  [0m] Started User Manager for UID 1000.

Ubuntu 16.04.2 LTS ubuntu-xenial ttyS0

ubuntu-xenial login: [   53.623337] cloud-init[1463]: Cloud-init v. 0.7.9 running 'modules:final' at Wed, 21 Jun 2017 19:27:51 +0000. Up 53.12 seconds.
[   53.624645] cloud-init[1463]: Cloud-init v. 0.7.9 finished at Wed, 21 Jun 2017 19:27:51 +0000. Datasource DataSourceNoCloud [seed=/dev/sdb][dsmode=net].  Up 53.60 seconds
